<?xml version="1.0" encoding="UTF-8"?>
<coverage generated="1602105254622" clover="3.2.0">
  <project timestamp="1602105254622" name="All files">
    <metrics statements="19" coveredstatements="8" conditionals="9" coveredconditionals="0" methods="9" coveredmethods="4" elements="37" coveredelements="12" complexity="0" loc="19" ncloc="19" packages="2" files="5" classes="5"/>
    <package name="components">
      <metrics statements="14" coveredstatements="8" conditionals="9" coveredconditionals="0" methods="8" coveredmethods="4"/>
      <file name="Contributor.jsx" path="/home/gemma/Escritorio/My_repo/prueba-expogroup/contributors_list_project/src/components/Contributor.jsx">
        <metrics statements="1" coveredstatements="1" conditionals="0" coveredconditionals="0" methods="1" coveredmethods="1"/>
        <line num="5" count="3" type="stmt"/>
      </file>
      <file name="Dashboard.jsx" path="/home/gemma/Escritorio/My_repo/prueba-expogroup/contributors_list_project/src/components/Dashboard.jsx">
        <metrics statements="7" coveredstatements="4" conditionals="0" coveredconditionals="0" methods="2" coveredmethods="1"/>
        <line num="8" count="1" type="stmt"/>
        <line num="9" count="1" type="stmt"/>
        <line num="10" count="1" type="stmt"/>
        <line num="13" count="0" type="stmt"/>
        <line num="14" count="0" type="stmt"/>
        <line num="15" count="0" type="stmt"/>
        <line num="18" count="1" type="stmt"/>
      </file>
      <file name="SearchForm.jsx" path="/home/gemma/Escritorio/My_repo/prueba-expogroup/contributors_list_project/src/components/SearchForm.jsx">
        <metrics statements="3" coveredstatements="1" conditionals="0" coveredconditionals="0" methods="3" coveredmethods="1"/>
        <line num="4" count="1" type="stmt"/>
        <line num="8" count="0" type="stmt"/>
        <line num="14" count="0" type="stmt"/>
      </file>
      <file name="TableList.jsx" path="/home/gemma/Escritorio/My_repo/prueba-expogroup/contributors_list_project/src/components/TableList.jsx">
        <metrics statements="3" coveredstatements="2" conditionals="9" coveredconditionals="0" methods="2" coveredmethods="1"/>
        <line num="5" count="2" type="stmt"/>
        <line num="6" count="2" type="stmt"/>
        <line num="23" count="0" type="stmt"/>
      </file>
    </package>
    <package name="logic">
      <metrics statements="5" coveredstatements="0" conditionals="0" coveredconditionals="0" methods="1" coveredmethods="0"/>
      <file name="contributorsActions.js" path="/home/gemma/Escritorio/My_repo/prueba-expogroup/contributors_list_project/src/logic/contributorsActions.js">
        <metrics statements="5" coveredstatements="0" conditionals="0" coveredconditionals="0" methods="1" coveredmethods="0"/>
        <line num="16" count="0" type="stmt"/>
        <line num="18" count="0" type="stmt"/>
        <line num="21" count="0" type="stmt"/>
        <line num="22" count="0" type="stmt"/>
        <line num="24" count="0" type="stmt"/>
      </file>
    </package>
  </project>
</coverage>
