{"/home/gemma/Escritorio/My_repo/prueba-expogroup/contributors_list_project/src/components/Contributor.jsx": {"path":"/home/gemma/Escritorio/My_repo/prueba-expogroup/contributors_list_project/src/components/Contributor.jsx","statementMap":{"0":{"start":{"line":5,"column":2},"end":{"line":5,"column":57}}},"fnMap":{"0":{"name":"Contributor","decl":{"start":{"line":4,"column":9},"end":{"line":4,"column":20}},"loc":{"start":{"line":4,"column":31},"end":{"line":6,"column":1}},"line":4}},"branchMap":{},"s":{"0":3},"f":{"0":3},"b":{},"_coverageSchema":"43e27e138ebf9cfc5966b082cf9a028302ed4184","hash":"5e874ff6944406cb3f0868fef3a5e01c85bf1b3c"}
,"/home/gemma/Escritorio/My_repo/prueba-expogroup/contributors_list_project/src/components/Dashboard.jsx": {"path":"/home/gemma/Escritorio/My_repo/prueba-expogroup/contributors_list_project/src/components/Dashboard.jsx","statementMap":{"0":{"start":{"line":8,"column":50},"end":{"line":8,"column":64}},"1":{"start":{"line":9,"column":28},"end":{"line":9,"column":42}},"2":{"start":{"line":10,"column":34},"end":{"line":10,"column":46}},"3":{"start":{"line":13,"column":4},"end":{"line":13,"column":27}},"4":{"start":{"line":14,"column":4},"end":{"line":14,"column":28}},"5":{"start":{"line":15,"column":4},"end":{"line":15,"column":73}},"6":{"start":{"line":18,"column":2},"end":{"line":24,"column":4}}},"fnMap":{"0":{"name":"Dashboard","decl":{"start":{"line":7,"column":9},"end":{"line":7,"column":18}},"loc":{"start":{"line":7,"column":21},"end":{"line":25,"column":1}},"line":7},"1":{"name":"handleSubmit","decl":{"start":{"line":12,"column":11},"end":{"line":12,"column":23}},"loc":{"start":{"line":12,"column":31},"end":{"line":16,"column":3}},"line":12}},"branchMap":{},"s":{"0":1,"1":1,"2":1,"3":0,"4":0,"5":0,"6":1},"f":{"0":1,"1":0},"b":{},"_coverageSchema":"43e27e138ebf9cfc5966b082cf9a028302ed4184","hash":"f0f8347774ea74da2adc0655d2a2afcc756d3fa6"}
,"/home/gemma/Escritorio/My_repo/prueba-expogroup/contributors_list_project/src/components/SearchForm.jsx": {"path":"/home/gemma/Escritorio/My_repo/prueba-expogroup/contributors_list_project/src/components/SearchForm.jsx","statementMap":{"0":{"start":{"line":4,"column":2},"end":{"line":20,"column":4}},"1":{"start":{"line":8,"column":29},"end":{"line":8,"column":67}},"2":{"start":{"line":14,"column":10},"end":{"line":14,"column":30}}},"fnMap":{"0":{"name":"SearchForm","decl":{"start":{"line":3,"column":9},"end":{"line":3,"column":19}},"loc":{"start":{"line":3,"column":51},"end":{"line":21,"column":1}},"line":3},"1":{"name":"(anonymous_1)","decl":{"start":{"line":8,"column":18},"end":{"line":8,"column":19}},"loc":{"start":{"line":8,"column":29},"end":{"line":8,"column":67}},"line":8},"2":{"name":"(anonymous_2)","decl":{"start":{"line":13,"column":17},"end":{"line":13,"column":18}},"loc":{"start":{"line":13,"column":28},"end":{"line":15,"column":9}},"line":13}},"branchMap":{},"s":{"0":1,"1":0,"2":0},"f":{"0":1,"1":0,"2":0},"b":{},"_coverageSchema":"43e27e138ebf9cfc5966b082cf9a028302ed4184","hash":"84a2a31e23b9127415a3f515c4ad6edddb2b4adc"}
,"/home/gemma/Escritorio/My_repo/prueba-expogroup/contributors_list_project/src/components/TableList.jsx": {"path":"/home/gemma/Escritorio/My_repo/prueba-expogroup/contributors_list_project/src/components/TableList.jsx","statementMap":{"0":{"start":{"line":5,"column":2},"end":{"line":5,"column":32}},"1":{"start":{"line":6,"column":2},"end":{"line":29,"column":4}},"2":{"start":{"line":23,"column":12},"end":{"line":23,"column":53}}},"fnMap":{"0":{"name":"TableList","decl":{"start":{"line":4,"column":9},"end":{"line":4,"column":18}},"loc":{"start":{"line":4,"column":41},"end":{"line":30,"column":1}},"line":4},"1":{"name":"(anonymous_1)","decl":{"start":{"line":22,"column":33},"end":{"line":22,"column":34}},"loc":{"start":{"line":23,"column":12},"end":{"line":23,"column":53}},"line":23}},"branchMap":{"0":{"loc":{"start":{"line":8,"column":7},"end":{"line":13,"column":7}},"type":"binary-expr","locations":[{"start":{"line":8,"column":7},"end":{"line":8,"column":24}},{"start":{"line":9,"column":8},"end":{"line":12,"column":12}}],"line":8},"1":{"loc":{"start":{"line":14,"column":7},"end":{"line":19,"column":7}},"type":"binary-expr","locations":[{"start":{"line":14,"column":7},"end":{"line":14,"column":37}},{"start":{"line":15,"column":8},"end":{"line":18,"column":15}}],"line":14},"2":{"loc":{"start":{"line":20,"column":7},"end":{"line":26,"column":7}},"type":"binary-expr","locations":[{"start":{"line":20,"column":7},"end":{"line":20,"column":35}},{"start":{"line":20,"column":39},"end":{"line":20,"column":64}},{"start":{"line":21,"column":8},"end":{"line":25,"column":13}}],"line":20},"3":{"loc":{"start":{"line":27,"column":7},"end":{"line":27,"column":76}},"type":"binary-expr","locations":[{"start":{"line":27,"column":7},"end":{"line":27,"column":32}},{"start":{"line":27,"column":36},"end":{"line":27,"column":76}}],"line":27}},"s":{"0":2,"1":2,"2":0},"f":{"0":2,"1":0},"b":{"0":[0,0],"1":[0,0],"2":[0,0,0],"3":[0,0]},"_coverageSchema":"43e27e138ebf9cfc5966b082cf9a028302ed4184","hash":"dd0240e93938d11936991cbc7cba91bc3ed7b43e"}
,"/home/gemma/Escritorio/My_repo/prueba-expogroup/contributors_list_project/src/logic/contributorsActions.js": {"path":"/home/gemma/Escritorio/My_repo/prueba-expogroup/contributors_list_project/src/logic/contributorsActions.js","statementMap":{"0":{"start":{"line":16,"column":16},"end":{"line":16,"column":30}},"1":{"start":{"line":18,"column":15},"end":{"line":18,"column":79}},"2":{"start":{"line":21,"column":19},"end":{"line":21,"column":36}},"3":{"start":{"line":22,"column":23},"end":{"line":22,"column":44}},"4":{"start":{"line":24,"column":2},"end":{"line":24,"column":22}}},"fnMap":{"0":{"name":"loadContributors","decl":{"start":{"line":15,"column":22},"end":{"line":15,"column":38}},"loc":{"start":{"line":15,"column":49},"end":{"line":25,"column":1}},"line":15}},"branchMap":{},"s":{"0":0,"1":0,"2":0,"3":0,"4":0},"f":{"0":0},"b":{},"_coverageSchema":"43e27e138ebf9cfc5966b082cf9a028302ed4184","hash":"3c5e1e67df657ccc229b241abb9038e8f5c8d546"}
}
