TN:
SF:/home/gemma/Escritorio/My_repo/prueba-expogroup/contributors_list_project/src/components/Contributor.jsx
FN:4,Contributor
FNF:1
FNH:1
FNDA:3,Contributor
DA:5,3
LF:1
LH:1
BRF:0
BRH:0
end_of_record
TN:
SF:/home/gemma/Escritorio/My_repo/prueba-expogroup/contributors_list_project/src/components/Dashboard.jsx
FN:7,Dashboard
FN:12,handleSubmit
FNF:2
FNH:1
FNDA:1,Dashboard
FNDA:0,handleSubmit
DA:8,1
DA:9,1
DA:10,1
DA:13,0
DA:14,0
DA:15,0
DA:18,1
LF:7
LH:4
BRF:0
BRH:0
end_of_record
TN:
SF:/home/gemma/Escritorio/My_repo/prueba-expogroup/contributors_list_project/src/components/SearchForm.jsx
FN:3,SearchForm
FN:8,(anonymous_1)
FN:13,(anonymous_2)
FNF:3
FNH:1
FNDA:1,SearchForm
FNDA:0,(anonymous_1)
FNDA:0,(anonymous_2)
DA:4,1
DA:8,0
DA:14,0
LF:3
LH:1
BRF:0
BRH:0
end_of_record
TN:
SF:/home/gemma/Escritorio/My_repo/prueba-expogroup/contributors_list_project/src/components/TableList.jsx
FN:4,TableList
FN:22,(anonymous_1)
FNF:2
FNH:1
FNDA:2,TableList
FNDA:0,(anonymous_1)
DA:5,2
DA:6,2
DA:23,0
LF:3
LH:2
BRDA:8,0,0,0
BRDA:8,0,1,0
BRDA:14,1,0,0
BRDA:14,1,1,0
BRDA:20,2,0,0
BRDA:20,2,1,0
BRDA:20,2,2,0
BRDA:27,3,0,0
BRDA:27,3,1,0
BRF:9
BRH:0
end_of_record
TN:
SF:/home/gemma/Escritorio/My_repo/prueba-expogroup/contributors_list_project/src/logic/contributorsActions.js
FN:15,loadContributors
FNF:1
FNH:0
FNDA:0,loadContributors
DA:16,0
DA:18,0
DA:21,0
DA:22,0
DA:24,0
LF:5
LH:0
BRF:0
BRH:0
end_of_record
